# JRE version: OpenJDK Runtime Environment Temurin-21.0.9+10 (21.0.9+10) (build 21.0.9+10-LTS)
# Java VM: OpenJDK 64-Bit Server VM Temurin-21.0.9+10 (21.0.9+10-LTS, mixed mode, sharing, tiered, compressed oops, compressed class ptrs, parallel gc, windows-amd64)
GC Precious Log:
 CardTable entry size: 512
 CPUs: 12 total, 12 available
 Memory: 31957M
 Large Page Support: Disabled
 NUMA Support: Disabled
 Compressed Oops: Enabled (32-bit)
 Alignments: Space 512K, Generation 512K, Heap 2M
 Heap Min Capacity: 100M
 Heap Initial Capacity: 100M
 Heap Max Capacity: 2G
 Pre-touch: Disabled
 Parallel Workers: 10
Heap:
 PSYoungGen      total 23552K, used 11381K [0x00000000d5580000, 0x00000000d7080000, 0x0000000100000000)
  eden space 22016K, 45% used [0x00000000d5580000,0x00000000d5f33230,0x00000000d6b00000)
  from space 1536K, 94% used [0x00000000d6d80000,0x00000000d6eea3f0,0x00000000d6f00000)
  to   space 1536K, 0% used [0x00000000d6f00000,0x00000000d6f00000,0x00000000d7080000)
 ParOldGen       total 68608K, used 14604K [0x0000000080000000, 0x0000000084300000, 0x00000000d5580000)
  object space 68608K, 21% used [0x0000000080000000,0x0000000080e43238,0x0000000084300000)
 Metaspace       used 29384K, committed 30272K, reserved 1114112K
  class space    used 2870K, committed 3200K, reserved 1048576K
GC Heap History (20 events):
Event: 1.495 GC heap before
{Heap before GC invocations=3 (full 0):
 PSYoungGen      total 29696K, used 29694K [0x00000000d5580000, 0x00000000d7680000, 0x0000000100000000)
  eden space 25600K, 99% used [0x00000000d5580000,0x00000000d6e7ffc8,0x00000000d6e80000)
  from space 4096K, 99% used [0x00000000d7280000,0x00000000d767fa40,0x00000000d7680000)
  to   space 4096K, 0% used [0x00000000d6e80000,0x00000000d6e80000,0x00000000d7280000)
 ParOldGen       total 68608K, used 72K [0x0000000080000000, 0x0000000084300000, 0x00000000d5580000)
  object space 68608K, 0% used [0x0000000080000000,0x0000000080012000,0x0000000084300000)
 Metaspace       used 8786K, committed 9088K, reserved 1114112K
  class space    used 917K, committed 1088K, reserved 1048576K
}
Event: 1.500 GC heap after
{Heap after GC invocations=3 (full 0):
 PSYoungGen      total 29696K, used 4083K [0x00000000d5580000, 0x00000000d7680000, 0x0000000100000000)
  eden space 25600K, 0% used [0x00000000d5580000,0x00000000d5580000,0x00000000d6e80000)
  from space 4096K, 99% used [0x00000000d6e80000,0x00000000d727cf68,0x00000000d7280000)
  to   space 4096K, 0% used [0x00000000d7280000,0x00000000d7280000,0x00000000d7680000)
 ParOldGen       total 68608K, used 4802K [0x0000000080000000, 0x0000000084300000, 0x00000000d5580000)
  object space 68608K, 6% used [0x0000000080000000,0x00000000804b09e8,0x0000000084300000)
 Metaspace       used 8786K, committed 9088K, reserved 1114112K
  class space    used 917K, committed 1088K, reserved 1048576K
}
Event: 1.707 GC heap before
{Heap before GC invocations=4 (full 0):
 PSYoungGen      total 29696K, used 29683K [0x00000000d5580000, 0x00000000d7680000, 0x0000000100000000)
  eden space 25600K, 100% used [0x00000000d5580000,0x00000000d6e80000,0x00000000d6e80000)
  from space 4096K, 99% used [0x00000000d6e80000,0x00000000d727cf68,0x00000000d7280000)
  to   space 4096K, 0% used [0x00000000d7280000,0x00000000d7280000,0x00000000d7680000)
 ParOldGen       total 68608K, used 4802K [0x0000000080000000, 0x0000000084300000, 0x00000000d5580000)
  object space 68608K, 6% used [0x0000000080000000,0x00000000804b09e8,0x0000000084300000)
 Metaspace       used 10020K, committed 10304K, reserved 1114112K
  class space    used 1053K, committed 1152K, reserved 1048576K
}
Event: 1.710 GC heap after
{Heap after GC invocations=4 (full 0):
 PSYoungGen      total 29696K, used 4077K [0x00000000d5580000, 0x00000000d7680000, 0x0000000100000000)
  eden space 25600K, 0% used [0x00000000d5580000,0x00000000d5580000,0x00000000d6e80000)
  from space 4096K, 99% used [0x00000000d7280000,0x00000000d767b6f0,0x00000000d7680000)
  to   space 4096K, 0% used [0x00000000d6e80000,0x00000000d6e80000,0x00000000d7280000)
 ParOldGen       total 68608K, used 6460K [0x0000000080000000, 0x0000000084300000, 0x00000000d5580000)
  object space 68608K, 9% used [0x0000000080000000,0x000000008064f370,0x0000000084300000)
 Metaspace       used 10020K, committed 10304K, reserved 1114112K
  class space    used 1053K, committed 1152K, reserved 1048576K
}
Event: 8.037 GC heap before
{Heap before GC invocations=5 (full 0):
 PSYoungGen      total 29696K, used 29677K [0x00000000d5580000, 0x00000000d7680000, 0x0000000100000000)
  eden space 25600K, 100% used [0x00000000d5580000,0x00000000d6e80000,0x00000000d6e80000)
  from space 4096K, 99% used [0x00000000d7280000,0x00000000d767b6f0,0x00000000d7680000)
  to   space 4096K, 0% used [0x00000000d6e80000,0x00000000d6e80000,0x00000000d7280000)
 ParOldGen       total 68608K, used 6460K [0x0000000080000000, 0x0000000084300000, 0x00000000d5580000)
  object space 68608K, 9% used [0x0000000080000000,0x000000008064f370,0x0000000084300000)
 Metaspace       used 12188K, committed 12544K, reserved 1114112K
  class space    used 1270K, committed 1408K, reserved 1048576K
}
Event: 8.040 GC heap after
{Heap after GC invocations=5 (full 0):
 PSYoungGen      total 29184K, used 4064K [0x00000000d5580000, 0x00000000d7900000, 0x0000000100000000)
  eden space 25088K, 0% used [0x00000000d5580000,0x00000000d5580000,0x00000000d6e00000)
  from space 4096K, 99% used [0x00000000d6e80000,0x00000000d7278018,0x00000000d7280000)
  to   space 5632K, 0% used [0x00000000d7380000,0x00000000d7380000,0x00000000d7900000)
 ParOldGen       total 68608K, used 7660K [0x0000000080000000, 0x0000000084300000, 0x00000000d5580000)
  object space 68608K, 11% used [0x0000000080000000,0x000000008077b3a0,0x0000000084300000)
 Metaspace       used 12188K, committed 12544K, reserved 1114112K
  class space    used 1270K, committed 1408K, reserved 1048576K
}
Event: 8.408 GC heap before
{Heap before GC invocations=6 (full 0):
 PSYoungGen      total 29184K, used 29152K [0x00000000d5580000, 0x00000000d7900000, 0x0000000100000000)
  eden space 25088K, 100% used [0x00000000d5580000,0x00000000d6e00000,0x00000000d6e00000)
  from space 4096K, 99% used [0x00000000d6e80000,0x00000000d7278018,0x00000000d7280000)
  to   space 5632K, 0% used [0x00000000d7380000,0x00000000d7380000,0x00000000d7900000)
 ParOldGen       total 68608K, used 7660K [0x0000000080000000, 0x0000000084300000, 0x00000000d5580000)
  object space 68608K, 11% used [0x0000000080000000,0x000000008077b3a0,0x0000000084300000)
 Metaspace       used 15390K, committed 16000K, reserved 1114112K
  class space    used 1566K, committed 1856K, reserved 1048576K
}
Event: 8.411 GC heap after
{Heap after GC invocations=6 (full 0):
 PSYoungGen      total 30208K, used 5622K [0x00000000d5580000, 0x00000000d7980000, 0x0000000100000000)
  eden space 24576K, 0% used [0x00000000d5580000,0x00000000d5580000,0x00000000d6d80000)
  from space 5632K, 99% used [0x00000000d7380000,0x00000000d78fd908,0x00000000d7900000)
  to   space 6144K, 0% used [0x00000000d6d80000,0x00000000d6d80000,0x00000000d7380000)
 ParOldGen       total 68608K, used 7700K [0x0000000080000000, 0x0000000084300000, 0x00000000d5580000)
  object space 68608K, 11% used [0x0000000080000000,0x00000000807853a0,0x0000000084300000)
 Metaspace       used 15390K, committed 16000K, reserved 1114112K
  class space    used 1566K, committed 1856K, reserved 1048576K
}
Event: 8.671 GC heap before
{Heap before GC invocations=7 (full 0):
 PSYoungGen      total 30208K, used 30198K [0x00000000d5580000, 0x00000000d7980000, 0x0000000100000000)
  eden space 24576K, 100% used [0x00000000d5580000,0x00000000d6d80000,0x00000000d6d80000)
  from space 5632K, 99% used [0x00000000d7380000,0x00000000d78fd908,0x00000000d7900000)
  to   space 6144K, 0% used [0x00000000d6d80000,0x00000000d6d80000,0x00000000d7380000)
 ParOldGen       total 68608K, used 7700K [0x0000000080000000, 0x0000000084300000, 0x00000000d5580000)
  object space 68608K, 11% used [0x0000000080000000,0x00000000807853a0,0x0000000084300000)
 Metaspace       used 18346K, committed 19072K, reserved 1114112K
  class space    used 1897K, committed 2176K, reserved 1048576K
}
Event: 8.674 GC heap after
{Heap after GC invocations=7 (full 0):
 PSYoungGen      total 28672K, used 4506K [0x00000000d5580000, 0x00000000d7700000, 0x0000000100000000)
  eden space 24064K, 0% used [0x00000000d5580000,0x00000000d5580000,0x00000000d6d00000)
  from space 4608K, 97% used [0x00000000d6d80000,0x00000000d71e6a30,0x00000000d7200000)
  to   space 5120K, 0% used [0x00000000d7200000,0x00000000d7200000,0x00000000d7700000)
 ParOldGen       total 68608K, used 8711K [0x0000000080000000, 0x0000000084300000, 0x00000000d5580000)
  object space 68608K, 12% used [0x0000000080000000,0x0000000080881fd0,0x0000000084300000)
 Metaspace       used 18346K, committed 19072K, reserved 1114112K
  class space    used 1897K, committed 2176K, reserved 1048576K
}
Event: 8.856 GC heap before
{Heap before GC invocations=8 (full 0):
 PSYoungGen      total 28672K, used 26422K [0x00000000d5580000, 0x00000000d7700000, 0x0000000100000000)
  eden space 24064K, 91% used [0x00000000d5580000,0x00000000d6ae6e90,0x00000000d6d00000)
  from space 4608K, 97% used [0x00000000d6d80000,0x00000000d71e6a30,0x00000000d7200000)
  to   space 5120K, 0% used [0x00000000d7200000,0x00000000d7200000,0x00000000d7700000)
 ParOldGen       total 68608K, used 8711K [0x0000000080000000, 0x0000000084300000, 0x00000000d5580000)
  object space 68608K, 12% used [0x0000000080000000,0x0000000080881fd0,0x0000000084300000)
 Metaspace       used 20714K, committed 21504K, reserved 1114112K
  class space    used 2130K, committed 2496K, reserved 1048576K
}
Event: 8.858 GC heap after
{Heap after GC invocations=8 (full 0):
 PSYoungGen      total 28160K, used 5107K [0x00000000d5580000, 0x00000000d7900000, 0x0000000100000000)
  eden space 23040K, 0% used [0x00000000d5580000,0x00000000d5580000,0x00000000d6c00000)
  from space 5120K, 99% used [0x00000000d7200000,0x00000000d76fce10,0x00000000d7700000)
  to   space 6144K, 0% used [0x00000000d6c00000,0x00000000d6c00000,0x00000000d7200000)
 ParOldGen       total 68608K, used 9387K [0x0000000080000000, 0x0000000084300000, 0x00000000d5580000)
  object space 68608K, 13% used [0x0000000080000000,0x000000008092ad68,0x0000000084300000)
 Metaspace       used 20714K, committed 21504K, reserved 1114112K
  class space    used 2130K, committed 2496K, reserved 1048576K
}
Event: 8.858 GC heap before
{Heap before GC invocations=9 (full 1):
 PSYoungGen      total 28160K, used 5107K [0x00000000d5580000, 0x00000000d7900000, 0x0000000100000000)
  eden space 23040K, 0% used [0x00000000d5580000,0x00000000d5580000,0x00000000d6c00000)
  from space 5120K, 99% used [0x00000000d7200000,0x00000000d76fce10,0x00000000d7700000)
  to   space 6144K, 0% used [0x00000000d6c00000,0x00000000d6c00000,0x00000000d7200000)
 ParOldGen       total 68608K, used 9387K [0x0000000080000000, 0x0000000084300000, 0x00000000d5580000)
  object space 68608K, 13% used [0x0000000080000000,0x000000008092ad68,0x0000000084300000)
 Metaspace       used 20714K, committed 21504K, reserved 1114112K
  class space    used 2130K, committed 2496K, reserved 1048576K
}
Event: 8.883 GC heap after
{Heap after GC invocations=9 (full 1):
 PSYoungGen      total 28160K, used 0K [0x00000000d5580000, 0x00000000d7900000, 0x0000000100000000)
  eden space 23040K, 0% used [0x00000000d5580000,0x00000000d5580000,0x00000000d6c00000)
  from space 5120K, 0% used [0x00000000d7200000,0x00000000d7200000,0x00000000d7700000)
  to   space 6144K, 0% used [0x00000000d6c00000,0x00000000d6c00000,0x00000000d7200000)
 ParOldGen       total 68608K, used 12675K [0x0000000080000000, 0x0000000084300000, 0x00000000d5580000)
  object space 68608K, 18% used [0x0000000080000000,0x0000000080c60f40,0x0000000084300000)
 Metaspace       used 20702K, committed 21504K, reserved 1114112K
  class space    used 2126K, committed 2496K, reserved 1048576K
}
Event: 8.989 GC heap before
{Heap before GC invocations=10 (full 1):
 PSYoungGen      total 28160K, used 23040K [0x00000000d5580000, 0x00000000d7900000, 0x0000000100000000)
  eden space 23040K, 100% used [0x00000000d5580000,0x00000000d6c00000,0x00000000d6c00000)
  from space 5120K, 0% used [0x00000000d7200000,0x00000000d7200000,0x00000000d7700000)
  to   space 6144K, 0% used [0x00000000d6c00000,0x00000000d6c00000,0x00000000d7200000)
 ParOldGen       total 68608K, used 12675K [0x0000000080000000, 0x0000000084300000, 0x00000000d5580000)
  object space 68608K, 18% used [0x0000000080000000,0x0000000080c60f40,0x0000000084300000)
 Metaspace       used 23022K, committed 23808K, reserved 1114112K
  class space    used 2271K, committed 2624K, reserved 1048576K
}
Event: 8.990 GC heap after
{Heap after GC invocations=10 (full 1):
 PSYoungGen      total 23040K, used 503K [0x00000000d5580000, 0x00000000d7280000, 0x0000000100000000)
  eden space 22528K, 0% used [0x00000000d5580000,0x00000000d5580000,0x00000000d6b80000)
  from space 512K, 98% used [0x00000000d6c00000,0x00000000d6c7dcb8,0x00000000d6c80000)
  to   space 2560K, 0% used [0x00000000d7000000,0x00000000d7000000,0x00000000d7280000)
 ParOldGen       total 68608K, used 12675K [0x0000000080000000, 0x0000000084300000, 0x00000000d5580000)
  object space 68608K, 18% used [0x0000000080000000,0x0000000080c60f40,0x0000000084300000)
 Metaspace       used 23022K, committed 23808K, reserved 1114112K
  class space    used 2271K, committed 2624K, reserved 1048576K
}
Event: 9.093 GC heap before
{Heap before GC invocations=11 (full 1):
 PSYoungGen      total 23040K, used 23031K [0x00000000d5580000, 0x00000000d7280000, 0x0000000100000000)
  eden space 22528K, 100% used [0x00000000d5580000,0x00000000d6b80000,0x00000000d6b80000)
  from space 512K, 98% used [0x00000000d6c00000,0x00000000d6c7dcb8,0x00000000d6c80000)
  to   space 2560K, 0% used [0x00000000d7000000,0x00000000d7000000,0x00000000d7280000)
 ParOldGen       total 68608K, used 12675K [0x0000000080000000, 0x0000000084300000, 0x00000000d5580000)
  object space 68608K, 18% used [0x0000000080000000,0x0000000080c60f40,0x0000000084300000)
 Metaspace       used 25554K, committed 26368K, reserved 1114112K
  class space    used 2470K, committed 2816K, reserved 1048576K
}
Event: 9.094 GC heap after
{Heap after GC invocations=11 (full 1):
 PSYoungGen      total 24576K, used 2152K [0x00000000d5580000, 0x00000000d7280000, 0x0000000100000000)
  eden space 22016K, 0% used [0x00000000d5580000,0x00000000d5580000,0x00000000d6b00000)
  from space 2560K, 84% used [0x00000000d7000000,0x00000000d721a2b0,0x00000000d7280000)
  to   space 2560K, 0% used [0x00000000d6d80000,0x00000000d6d80000,0x00000000d7000000)
 ParOldGen       total 68608K, used 12675K [0x0000000080000000, 0x0000000084300000, 0x00000000d5580000)
  object space 68608K, 18% used [0x0000000080000000,0x0000000080c60f40,0x0000000084300000)
 Metaspace       used 25554K, committed 26368K, reserved 1114112K
  class space    used 2470K, committed 2816K, reserved 1048576K
}
Event: 9.328 GC heap before
{Heap before GC invocations=12 (full 1):
 PSYoungGen      total 24576K, used 24168K [0x00000000d5580000, 0x00000000d7280000, 0x0000000100000000)
  eden space 22016K, 100% used [0x00000000d5580000,0x00000000d6b00000,0x00000000d6b00000)
  from space 2560K, 84% used [0x00000000d7000000,0x00000000d721a2b0,0x00000000d7280000)
  to   space 2560K, 0% used [0x00000000d6d80000,0x00000000d6d80000,0x00000000d7000000)
 ParOldGen       total 68608K, used 12675K [0x0000000080000000, 0x0000000084300000, 0x00000000d5580000)
  object space 68608K, 18% used [0x0000000080000000,0x0000000080c60f40,0x0000000084300000)
 Metaspace       used 27959K, committed 28864K, reserved 1114112K
  class space    used 2704K, committed 3072K, reserved 1048576K
}
Event: 9.331 GC heap after
{Heap after GC invocations=12 (full 1):
 PSYoungGen      total 23552K, used 1448K [0x00000000d5580000, 0x00000000d7080000, 0x0000000100000000)
  eden space 22016K, 0% used [0x00000000d5580000,0x00000000d5580000,0x00000000d6b00000)
  from space 1536K, 94% used [0x00000000d6d80000,0x00000000d6eea3f0,0x00000000d6f00000)
  to   space 1536K, 0% used [0x00000000d6f00000,0x00000000d6f00000,0x00000000d7080000)
 ParOldGen       total 68608K, used 14604K [0x0000000080000000, 0x0000000084300000, 0x00000000d5580000)
  object space 68608K, 21% used [0x0000000080000000,0x0000000080e43238,0x0000000084300000)
 Metaspace       used 27959K, committed 28864K, reserved 1114112K
  class space    used 2704K, committed 3072K, reserved 1048576K
}

